<?xml version="1.0" encoding="UTF-8"?>
<!-- Generated by org.testng.reporters.JUnitXMLReporter -->
<testsuite ignored="1" hostname="Muthus-MacBook-Pro.local" failures="0" tests="2" name="Test_TestNGDemo" time="13.049" errors="0" timestamp="2020-03-25T15:59:02 MDT">
  <testcase classname="Test.TestNGDemo2" name="googleSearch3" time="8.225"/>
  <testcase classname="Test.TestNGDemo" name="googleSearch" time="8.569"/>
  <testcase classname="Test.TestNGDemo2" name="googleSearch2" time="0.0">
    <ignored/>
  </testcase> <!-- googleSearch2 -->
</testsuite> <!-- Test_TestNGDemo -->
