<?xml version="1.0" encoding="UTF-8"?>
<!-- Generated by org.testng.reporters.JUnitXMLReporter -->
<testsuite ignored="1" hostname="Muthus-MacBook-Pro.local" failures="0" tests="2" name="Default test" time="0.063" errors="0" timestamp="2020-04-01T12:24:58 MDT">
  <testcase classname="testNGIgnore.TestNGIgnoreDemo" name="test2" time="0.01"/>
  <testcase classname="testNGIgnore.TestNGIgnoreDemo" name="test3" time="0.002"/>
  <testcase classname="testNGIgnore.TestNGIgnoreDemo" name="test1" time="0.0">
    <ignored/>
  </testcase> <!-- test1 -->
</testsuite> <!-- Default test -->
