<?xml version="1.0" encoding="UTF-8"?>
<!-- Generated by org.testng.reporters.JUnitXMLReporter -->
<testsuite ignored="0" hostname="Muthus-MacBook-Pro.local" failures="2" tests="6" name="Test" time="0.135" errors="0" timestamp="2020-04-03T11:06:19 MDT">
  <testcase classname="listeners.TestNGListenersTest2" name="test7" time="0.02"/>
  <testcase classname="listeners.TestNGListenersTest2" name="test8" time="0.014">
    <failure type="java.lang.AssertionError">
      <![CDATA[java.lang.AssertionError: 
at listeners.TestNGListenersTest2.test8(TestNGListenersTest2.java:19)
at java.base/java.util.ArrayList.forEach(ArrayList.java:1507)
... Removed 30 stack frames]]>
    </failure>
  </testcase> <!-- test8 -->
  <testcase classname="listeners.TestNGListenersTest2" name="test9" time="0.007">
    <skipped/>
  </testcase> <!-- test9 -->
  <testcase classname="listeners.TestNGListenersTest3" name="test1" time="0.001"/>
  <testcase classname="listeners.TestNGListenersTest3" name="test2" time="0.006">
    <failure type="java.lang.AssertionError">
      <![CDATA[java.lang.AssertionError: 
at listeners.TestNGListenersTest3.test2(TestNGListenersTest3.java:19)
at java.base/java.util.ArrayList.forEach(ArrayList.java:1507)
... Removed 30 stack frames]]>
    </failure>
  </testcase> <!-- test2 -->
  <testcase classname="listeners.TestNGListenersTest3" name="test3" time="0.002">
    <skipped/>
  </testcase> <!-- test3 -->
</testsuite> <!-- Test -->
